SF:lib\main.dart
DA:16,0
DA:17,0
DA:21,2
DA:24,1
DA:26,1
DA:28,1
DA:39,1
DA:40,2
DA:41,1
LF:9
LH:7
end_of_record
SF:lib\login\bloc\login_event.dart
DA:9,1
DA:16,1
DA:23,1
LF:3
LH:3
end_of_record
SF:lib\login\bloc\login_state.dart
DA:16,1
DA:22,1
LF:2
LH:2
end_of_record
SF:lib\login\bloc\login_bloc.dart
DA:11,3
DA:12,1
DA:13,1
DA:14,4
DA:15,0
DA:16,3
DA:17,2
DA:19,2
DA:23,1
DA:24,1
DA:25,4
DA:26,2
DA:27,3
DA:28,0
DA:30,2
DA:34,1
DA:35,1
DA:36,4
DA:37,2
LF:19
LH:17
end_of_record
SF:lib\login\utils\validation_utils.dart
DA:2,1
DA:3,2
DA:6,1
DA:7,2
DA:10,1
DA:11,3
LF:6
LH:6
end_of_record
SF:lib\login\login.dart
DA:7,2
DA:12,1
DA:14,1
DA:15,1
DA:16,1
DA:18,1
DA:21,1
DA:22,1
DA:23,1
DA:29,1
DA:30,1
DA:33,1
DA:34,1
DA:36,3
DA:42,1
DA:43,1
DA:44,1
DA:45,1
DA:46,1
DA:55,1
DA:56,1
DA:62,1
DA:63,1
DA:66,1
DA:67,1
DA:68,3
DA:75,1
DA:76,1
DA:77,1
DA:78,1
DA:82,1
DA:83,2
DA:84,1
DA:93,1
DA:94,1
DA:95,1
DA:96,1
DA:97,1
DA:106,1
DA:108,1
DA:109,1
DA:110,1
DA:115,1
DA:116,1
DA:117,1
DA:120,1
DA:121,1
DA:122,2
DA:123,2
DA:127,1
DA:128,1
LF:51
LH:51
end_of_record
